# JRE version: OpenJDK Runtime Environment Temurin-17.0.7+7 (17.0.7+7) (build 17.0.7+7)
# Java VM: OpenJDK 64-Bit Server VM Temurin-17.0.7+7 (17.0.7+7, mixed mode, emulated-client, tiered, compressed oops, compressed class ptrs, g1 gc, windows-amd64)
GC Precious Log:
 CPUs: 12 total, 12 available
 Memory: 7501M
 Large Page Support: Disabled
 NUMA Support: Disabled
 Compressed Oops: Enabled (32-bit)
 Heap Region Size: 1M
 Heap Min Capacity: 8M
 Heap Initial Capacity: 118M
 Heap Max Capacity: 1876M
 Pre-touch: Disabled
 Parallel Workers: 10
 Concurrent Workers: 3
 Concurrent Refinement Workers: 10
 Periodic GC: Disabled
Heap:
 garbage-first heap   total 316416K, used 152576K [0x000000008ac00000, 0x0000000100000000)
  region size 1024K, 12 young (12288K), 12 survivors (12288K)
 Metaspace       used 80284K, committed 80896K, reserved 1179648K
  class space    used 11328K, committed 11584K, reserved 1048576K
GC Heap History (20 events):
Event: 7.366 GC heap after
{Heap after GC invocations=26 (full 0):
 garbage-first heap   total 71680K, used 35098K [0x000000008ac00000, 0x0000000100000000)
  region size 1024K, 3 young (3072K), 3 survivors (3072K)
 Metaspace       used 80067K, committed 80704K, reserved 1179648K
  class space    used 11290K, committed 11584K, reserved 1048576K
}
Event: 7.441 GC heap before
{Heap before GC invocations=26 (full 0):
 garbage-first heap   total 71680K, used 57626K [0x000000008ac00000, 0x0000000100000000)
  region size 1024K, 25 young (25600K), 3 survivors (3072K)
 Metaspace       used 80253K, committed 80896K, reserved 1179648K
  class space    used 11318K, committed 11584K, reserved 1048576K
}
Event: 7.444 GC heap after
{Heap after GC invocations=27 (full 0):
 garbage-first heap   total 71680K, used 35668K [0x000000008ac00000, 0x0000000100000000)
  region size 1024K, 2 young (2048K), 2 survivors (2048K)
 Metaspace       used 80253K, committed 80896K, reserved 1179648K
  class space    used 11318K, committed 11584K, reserved 1048576K
}
Event: 7.500 GC heap before
{Heap before GC invocations=28 (full 0):
 garbage-first heap   total 76800K, used 59220K [0x000000008ac00000, 0x0000000100000000)
  region size 1024K, 25 young (25600K), 2 survivors (2048K)
 Metaspace       used 80255K, committed 80896K, reserved 1179648K
  class space    used 11318K, committed 11584K, reserved 1048576K
}
Event: 7.505 GC heap after
{Heap after GC invocations=29 (full 0):
 garbage-first heap   total 92160K, used 38692K [0x000000008ac00000, 0x0000000100000000)
  region size 1024K, 4 young (4096K), 4 survivors (4096K)
 Metaspace       used 80255K, committed 80896K, reserved 1179648K
  class space    used 11318K, committed 11584K, reserved 1048576K
}
Event: 7.508 GC heap before
{Heap before GC invocations=29 (full 0):
 garbage-first heap   total 92160K, used 39716K [0x000000008ac00000, 0x0000000100000000)
  region size 1024K, 5 young (5120K), 4 survivors (4096K)
 Metaspace       used 80255K, committed 80896K, reserved 1179648K
  class space    used 11318K, committed 11584K, reserved 1048576K
}
Event: 7.513 GC heap after
{Heap after GC invocations=30 (full 0):
 garbage-first heap   total 92160K, used 39395K [0x000000008ac00000, 0x0000000100000000)
  region size 1024K, 1 young (1024K), 1 survivors (1024K)
 Metaspace       used 80255K, committed 80896K, reserved 1179648K
  class space    used 11318K, committed 11584K, reserved 1048576K
}
Event: 7.587 GC heap before
{Heap before GC invocations=30 (full 0):
 garbage-first heap   total 92160K, used 74211K [0x000000008ac00000, 0x0000000100000000)
  region size 1024K, 35 young (35840K), 1 survivors (1024K)
 Metaspace       used 80275K, committed 80896K, reserved 1179648K
  class space    used 11328K, committed 11584K, reserved 1048576K
}
Event: 7.595 GC heap after
{Heap after GC invocations=31 (full 0):
 garbage-first heap   total 92160K, used 48809K [0x000000008ac00000, 0x0000000100000000)
  region size 1024K, 5 young (5120K), 5 survivors (5120K)
 Metaspace       used 80275K, committed 80896K, reserved 1179648K
  class space    used 11328K, committed 11584K, reserved 1048576K
}
Event: 7.639 GC heap before
{Heap before GC invocations=31 (full 0):
 garbage-first heap   total 92160K, used 72361K [0x000000008ac00000, 0x0000000100000000)
  region size 1024K, 28 young (28672K), 5 survivors (5120K)
 Metaspace       used 80276K, committed 80896K, reserved 1179648K
  class space    used 11328K, committed 11584K, reserved 1048576K
}
Event: 7.650 GC heap after
{Heap after GC invocations=32 (full 0):
 garbage-first heap   total 92160K, used 57239K [0x000000008ac00000, 0x0000000100000000)
  region size 1024K, 4 young (4096K), 4 survivors (4096K)
 Metaspace       used 80276K, committed 80896K, reserved 1179648K
  class space    used 11328K, committed 11584K, reserved 1048576K
}
Event: 7.687 GC heap before
{Heap before GC invocations=32 (full 0):
 garbage-first heap   total 112640K, used 70551K [0x000000008ac00000, 0x0000000100000000)
  region size 1024K, 17 young (17408K), 4 survivors (4096K)
 Metaspace       used 80276K, committed 80896K, reserved 1179648K
  class space    used 11328K, committed 11584K, reserved 1048576K
}
Event: 7.696 GC heap after
{Heap after GC invocations=33 (full 0):
 garbage-first heap   total 316416K, used 62775K [0x000000008ac00000, 0x0000000100000000)
  region size 1024K, 3 young (3072K), 3 survivors (3072K)
 Metaspace       used 80276K, committed 80896K, reserved 1179648K
  class space    used 11328K, committed 11584K, reserved 1048576K
}
Event: 7.914 GC heap before
{Heap before GC invocations=34 (full 0):
 garbage-first heap   total 316416K, used 158007K [0x000000008ac00000, 0x0000000100000000)
  region size 1024K, 94 young (96256K), 3 survivors (3072K)
 Metaspace       used 80280K, committed 80896K, reserved 1179648K
  class space    used 11328K, committed 11584K, reserved 1048576K
}
Event: 7.941 GC heap after
{Heap after GC invocations=35 (full 0):
 garbage-first heap   total 316416K, used 89992K [0x000000008ac00000, 0x0000000100000000)
  region size 1024K, 12 young (12288K), 12 survivors (12288K)
 Metaspace       used 80280K, committed 80896K, reserved 1179648K
  class space    used 11328K, committed 11584K, reserved 1048576K
}
Event: 7.952 GC heap before
{Heap before GC invocations=35 (full 0):
 garbage-first heap   total 316416K, used 93064K [0x000000008ac00000, 0x0000000100000000)
  region size 1024K, 15 young (15360K), 12 survivors (12288K)
 Metaspace       used 80280K, committed 80896K, reserved 1179648K
  class space    used 11328K, committed 11584K, reserved 1048576K
}
Event: 7.966 GC heap after
{Heap after GC invocations=36 (full 0):
 garbage-first heap   total 316416K, used 92941K [0x000000008ac00000, 0x0000000100000000)
  region size 1024K, 2 young (2048K), 2 survivors (2048K)
 Metaspace       used 80280K, committed 80896K, reserved 1179648K
  class space    used 11328K, committed 11584K, reserved 1048576K
}
Event: 8.167 GC heap before
{Heap before GC invocations=36 (full 0):
 garbage-first heap   total 316416K, used 192269K [0x000000008ac00000, 0x0000000100000000)
  region size 1024K, 98 young (100352K), 2 survivors (2048K)
 Metaspace       used 80281K, committed 80896K, reserved 1179648K
  class space    used 11328K, committed 11584K, reserved 1048576K
}
Event: 8.201 GC heap after
{Heap after GC invocations=37 (full 0):
 garbage-first heap   total 316416K, used 132356K [0x000000008ac00000, 0x0000000100000000)
  region size 1024K, 13 young (13312K), 13 survivors (13312K)
 Metaspace       used 80281K, committed 80896K, reserved 1179648K
  class space    used 11328K, committed 11584K, reserved 1048576K
}
Event: 8.382 GC heap before
{Heap before GC invocations=37 (full 0):
 garbage-first heap   total 316416K, used 215300K [0x000000008ac00000, 0x0000000100000000)
  region size 1024K, 92 young (94208K), 13 survivors (13312K)
 Metaspace       used 80284K, committed 80896K, reserved 1179648K
  class space    used 11328K, committed 11584K, reserved 1048576K
}

